{
  "RSpec": {
    "coverage": {
      "/home/tribut/rails-proj/task_manager/app/models/user.rb": [
        1,
        null,
        null,
        null,
        1,
        null,
        null,
        null,
        1,
        null,
        1,
        1,
        null
      ],
      "/home/tribut/rails-proj/task_manager/app/controllers/application_controller.rb": [
        1,
        1,
        null,
        1,
        0,
        0,
        null,
        0,
        null,
        null,
        null
      ],
      "/home/tribut/rails-proj/task_manager/app/helpers/application_helper.rb": [
        1,
        null
      ],
      "/home/tribut/rails-proj/task_manager/app/helpers/pages_helper.rb": [
        1,
        null
      ],
      "/home/tribut/rails-proj/task_manager/app/helpers/tasks_helper.rb": [
        1,
        null
      ],
      "/home/tribut/rails-proj/task_manager/app/controllers/pages_controller.rb": [
        1,
        1,
        null,
        null
      ],
      "/home/tribut/rails-proj/task_manager/app/controllers/tasks_controller.rb": [
        1,
        1,
        null,
        null,
        null,
        1,
        2,
        null,
        2,
        2,
        2,
        null,
        null,
        null,
        null,
        null,
        1,
        1,
        null,
        1,
        1,
        1,
        null,
        null,
        null,
        null,
        null,
        1,
        1,
        null,
        1,
        1,
        1,
        null,
        null,
        null,
        null,
        1,
        1,
        null,
        null,
        null,
        null,
        1,
        0,
        0,
        null,
        0,
        0,
        0,
        0,
        null,
        0,
        0,
        null,
        null,
        null,
        null,
        null,
        null,
        1,
        5,
        null,
        5,
        5,
        4,
        2,
        null,
        6,
        3,
        null,
        null,
        null,
        null,
        null,
        null,
        1,
        2,
        2,
        null,
        2,
        4,
        2,
        null,
        null,
        null,
        1,
        1,
        null,
        1,
        1,
        1,
        null,
        null,
        null,
        1,
        0,
        0,
        null,
        0,
        0,
        null,
        0,
        null,
        0,
        0,
        0,
        0,
        null,
        0,
        0,
        null,
        null,
        null,
        null,
        null,
        null
      ],
      "/home/tribut/rails-proj/task_manager/app/models/task.rb": [
        1,
        1,
        null,
        1,
        1,
        null,
        1,
        null,
        null
      ],
      "/home/tribut/rails-proj/task_manager/app/models/user_task.rb": [
        1,
        null,
        null,
        1,
        1,
        null
      ]
    },
    "timestamp": 1349683397
  }
}
